1                                                          The SAS System                            07:08 Monday, November 19, 2001

NOTE: Copyright (c) 1999-2001 by SAS Institute Inc., Cary, NC, USA. 
NOTE: SAS (r) Proprietary Software Release 8.2 (TS2M0)
      Licensed to INFORMATIK OG MATEMATISK MODELLERING, Site 0083972010.
NOTE: This session is executing on the SunOS 5.8 platform.




This message is contained in the SAS news file, and is presented upon
initialization.  Edit the files "news" in the "misc/base" directory to
display site-specific news and information in the program log.
The command line option "-nonews" will prevent this display.



NOTE: SAS initialization used:
      real time           0.29 seconds
      cpu time            0.03 seconds
      

NOTE: AUTOEXEC processing beginning; file is /gbar/bohr/home2/g0411/g0411/autoexec.sas.

NOTE: Libref STAT2 was successfully assigned as follows: 
      Engine:        V8 
      Physical Name: /gbar/bohr/home2/g0411/g0411/stat2data
NOTE: Libname HERE refers to the same physical library as STAT2.
NOTE: Libref HERE was successfully assigned as follows: 
      Engine:        V8 
      Physical Name: /gbar/bohr/home2/g0411/g0411/stat2data

NOTE: AUTOEXEC processing completed.

1          proc print data=here.mini2;
2          run;

NOTE: There were 30 observations read from the data set HERE.MINI2.
NOTE: The PROCEDURE PRINT printed page 1.
NOTE: PROCEDURE PRINT used:
      real time           0.29 seconds
      cpu time            0.04 seconds
      

NOTE: SAS Institute Inc., SAS Campus Drive, Cary, NC USA 27513-2414
NOTE: The SAS System used:
      real time           0.60 seconds
      cpu time            0.07 seconds
      
