1                                                          The SAS System                             11:55 Friday, November 7, 2008

NOTE: Copyright (c) 2002-2003 by SAS Institute Inc., Cary, NC, USA. 
NOTE: SAS (r) 9.1 (TS1M3)
      Licensed to INFORMATIK OG MATEMATISK MODELLERING, Site 0083972010.
NOTE: This session is executing on the SunOS 5.10 platform.



NOTE: SAS 9.1.3 Service Pack 3

You are running SAS 9. Some SAS 8 files will be automatically converted 
by the V9 engine; others are incompatible.  Please see 
http://support.sas.com/rnd/migration/planning/platform/64bit.html

PROC MIGRATE will preserve current SAS file attributes and is 
recommended for converting all your SAS libraries from any 
SAS 8 release to SAS 9.  For details and examples, please see
http://support.sas.com/rnd/migration/index.html


This message is contained in the SAS news file, and is presented upon
initialization.  Edit the file "news" in the "misc/base" directory to
display site-specific news and information in the program log.
The command line option "-nonews" will prevent this display.




NOTE: SAS initialization used:
      real time           2.11 seconds
      cpu time            0.29 seconds
      

NOTE: AUTOEXEC processing beginning; file is /xbar/nas1/home1/gcourse/g0411/autoexec.sas.

NOTE: Libref STAT2 was successfully assigned as follows: 
      Engine:        V9 
      Physical Name: /xbar/nas1/home1/gcourse/g0411/stat2data
NOTE: Libname HERE refers to the same physical library as STAT2.
NOTE: Libref HERE was successfully assigned as follows: 
      Engine:        V9 
      Physical Name: /xbar/nas1/home1/gcourse/g0411/stat2data

NOTE: AUTOEXEC processing completed.

1          /* mini2.sas   Crtd: 07-11-08 11:23 by BKE. Updt: 07-11-08 11:24 */
2          /* Purpose:  */
3          
4          libname here '.';
NOTE: Libname HERE refers to the same physical library as STAT2.
NOTE: Libref HERE was successfully assigned as follows: 
      Engine:        V9 
      Physical Name: /xbar/nas1/home1/gcourse/g0411/stat2data
5          
6          data here.mini2;
7          input Location$ Type$ Biomass Salinity pH K Na Zn;
8          cards;

NOTE: The data set HERE.MINI2 has 45 observations and 8 variables.
NOTE: DATA statement used (Total process time):
      real time           0.63 seconds
      cpu time            0.08 seconds
      

2                                The SAS System   11:55 Friday, November 7, 2008

54         ;
55         
56         run;
57         
58         
59         
60         
61         
62         
63         
64         
65         
66         
67         
68         
69         
70         
71         
72         
73         
74         
75         
76         
77         
78         
79         
80         
81         
82         
83         
84         
85         
86         
87         
88         
89         
90         
91         
92         
93         
94         
95         
96         
97         
98         
99         
100        
101        
102        
103        
104        
105        
106        
107        
108        

NOTE: SAS Institute Inc., SAS Campus Drive, Cary, NC USA 27513-2414
NOTE: The SAS System used:
      real time           2.82 seconds
      cpu time            0.39 seconds
      
